Build started 5/6/2013 2:18:48 AM.
     1>Project "C:\Users\Administrator\Google Drive\Visual Studio 2012\Projects\463_hw_4\463_hw_4.vcxproj" on node 2 (Build target(s)).
     1>ClCompile:
         C:\Program Files\Microsoft Visual Studio 11.0\VC\bin\CL.exe /c /ZI /nologo /W3 /WX- /Od /Oy- /D WIN32 /D _DEBUG /D _CONSOLE /Gm /EHsc /RTC1 /MDd /GS /fp:precise /Zc:wchar_t /Zc:forScope /Yu"stdafx.h" /Fp"Debug\463_hw_4.pch" /Fo"Debug\\" /Fd"Debug\vc110.pdb" /Gd /TP /analyze- /errorReport:prompt trace.cpp
         trace.cpp
     1>c:\users\administrator\google drive\visual studio 2012\projects\463_hw_4\trace.cpp(42): warning C4244: '=' : conversion from 'double' to 'int', possible loss of data
     1>c:\users\administrator\google drive\visual studio 2012\projects\463_hw_4\trace.cpp(52): warning C4244: 'initializing' : conversion from 'double' to 'int', possible loss of data
     1>c:\users\administrator\google drive\visual studio 2012\projects\463_hw_4\trace.cpp(89): warning C4244: '=' : conversion from 'double' to 'int', possible loss of data
     1>c:\users\administrator\google drive\visual studio 2012\projects\463_hw_4\trace.cpp(135): warning C4244: '=' : conversion from 'double' to 'int', possible loss of data
     1>c:\users\administrator\google drive\visual studio 2012\projects\463_hw_4\trace.cpp(147): warning C4244: '=' : conversion from 'double' to 'int', possible loss of data
     1>c:\users\administrator\google drive\visual studio 2012\projects\463_hw_4\trace.cpp(162): warning C4244: '=' : conversion from 'double' to 'int', possible loss of data
     1>c:\users\administrator\google drive\visual studio 2012\projects\463_hw_4\trace.cpp(173): warning C4996: 'getch': The POSIX name for this item is deprecated. Instead, use the ISO C++ conformant name: _getch. See online help for details.
                 c:\program files\microsoft visual studio 11.0\vc\include\conio.h(131) : see declaration of 'getch'
     1>c:\users\administrator\google drive\visual studio 2012\projects\463_hw_4\trace.cpp(177): warning C4018: '<' : signed/unsigned mismatch
     1>c:\users\administrator\google drive\visual studio 2012\projects\463_hw_4\trace.cpp(170): warning C4102: 'FINAL' : unreferenced label
       Link:
         C:\Program Files\Microsoft Visual Studio 11.0\VC\bin\link.exe /ERRORREPORT:PROMPT /OUT:"C:\Users\Administrator\Google Drive\Visual Studio 2012\Projects\463_hw_4\Debug\463_hw_4.exe" /INCREMENTAL /NOLOGO kernel32.lib user32.lib gdi32.lib winspool.lib comdlg32.lib advapi32.lib shell32.lib ole32.lib oleaut32.lib uuid.lib odbc32.lib odbccp32.lib ws2_32.lib winmm.lib Iphlpapi.lib Psapi.lib kernel32.lib user32.lib gdi32.lib winspool.lib comdlg32.lib advapi32.lib shell32.lib ole32.lib oleaut32.lib uuid.lib odbc32.lib odbccp32.lib /MANIFEST /MANIFESTUAC:"level='asInvoker' uiAccess='false'" /manifest:embed /DEBUG /PDB:"C:\Users\Administrator\Google Drive\Visual Studio 2012\Projects\463_hw_4\Debug\463_hw_4.pdb" /SUBSYSTEM:CONSOLE /TLBID:1 /DYNAMICBASE /NXCOMPAT /IMPLIB:"C:\Users\Administrator\Google Drive\Visual Studio 2012\Projects\463_hw_4\Debug\463_hw_4.lib" /MACHINE:X86 Debug\463_hw_4.obj
         Debug\dns.obj
         Debug\icmp.obj
         Debug\socket.obj
         Debug\stdafx.obj
         Debug\trace.obj
         463_hw_4.vcxproj -> C:\Users\Administrator\Google Drive\Visual Studio 2012\Projects\463_hw_4\Debug\463_hw_4.exe
     1>Done Building Project "C:\Users\Administrator\Google Drive\Visual Studio 2012\Projects\463_hw_4\463_hw_4.vcxproj" (Build target(s)).

Build succeeded.

Time Elapsed 00:00:03.76
