C:\USERS\ADMINISTRATOR\GOOGLE DRIVE\VISUAL STUDIO 2012\PROJECTS\463_HW_4\DEBUG\463_HW_4.PCH
C:\USERS\ADMINISTRATOR\GOOGLE DRIVE\VISUAL STUDIO 2012\PROJECTS\463_HW_4\DEBUG\STDAFX.OBJ
C:\USERS\ADMINISTRATOR\GOOGLE DRIVE\VISUAL STUDIO 2012\PROJECTS\463_HW_4\DEBUG\VC110.PDB
C:\USERS\ADMINISTRATOR\GOOGLE DRIVE\VISUAL STUDIO 2012\PROJECTS\463_HW_4\DEBUG\463_HW_4.OBJ
C:\USERS\ADMINISTRATOR\GOOGLE DRIVE\VISUAL STUDIO 2012\PROJECTS\463_HW_4\DEBUG\DNS.OBJ
C:\USERS\ADMINISTRATOR\GOOGLE DRIVE\VISUAL STUDIO 2012\PROJECTS\463_HW_4\DEBUG\ICMP.OBJ
C:\USERS\ADMINISTRATOR\GOOGLE DRIVE\VISUAL STUDIO 2012\PROJECTS\463_HW_4\DEBUG\SOCKET.OBJ
C:\USERS\ADMINISTRATOR\GOOGLE DRIVE\VISUAL STUDIO 2012\PROJECTS\463_HW_4\DEBUG\TRACE.OBJ
C:\Users\Administrator\Google Drive\Visual Studio 2012\Projects\463_hw_4\Debug\463_hw_4.obj
C:\Users\Administrator\Google Drive\Visual Studio 2012\Projects\463_hw_4\Debug\dns.obj
C:\Users\Administrator\Google Drive\Visual Studio 2012\Projects\463_hw_4\Debug\icmp.obj
C:\Users\Administrator\Google Drive\Visual Studio 2012\Projects\463_hw_4\Debug\socket.obj
C:\Users\Administrator\Google Drive\Visual Studio 2012\Projects\463_hw_4\Debug\stdafx.obj
C:\Users\Administrator\Google Drive\Visual Studio 2012\Projects\463_hw_4\Debug\trace.obj
C:\Users\Administrator\Google Drive\Visual Studio 2012\Projects\463_hw_4\Debug\cl.command.1.tlog
C:\Users\Administrator\Google Drive\Visual Studio 2012\Projects\463_hw_4\Debug\CL.read.1.tlog
C:\Users\Administrator\Google Drive\Visual Studio 2012\Projects\463_hw_4\Debug\CL.write.1.tlog
C:\Users\Administrator\Google Drive\Visual Studio 2012\Projects\463_hw_4\Debug\link-cvtres.read.1.tlog
C:\Users\Administrator\Google Drive\Visual Studio 2012\Projects\463_hw_4\Debug\link-cvtres.write.1.tlog
C:\Users\Administrator\Google Drive\Visual Studio 2012\Projects\463_hw_4\Debug\link-rc.read.1.tlog
C:\Users\Administrator\Google Drive\Visual Studio 2012\Projects\463_hw_4\Debug\link-rc.write.1.tlog
C:\Users\Administrator\Google Drive\Visual Studio 2012\Projects\463_hw_4\Debug\link.1088-cvtres.read.1.tlog
C:\Users\Administrator\Google Drive\Visual Studio 2012\Projects\463_hw_4\Debug\link.1088-cvtres.write.1.tlog
C:\Users\Administrator\Google Drive\Visual Studio 2012\Projects\463_hw_4\Debug\link.1088-rc.read.1.tlog
C:\Users\Administrator\Google Drive\Visual Studio 2012\Projects\463_hw_4\Debug\link.1088-rc.write.1.tlog
C:\Users\Administrator\Google Drive\Visual Studio 2012\Projects\463_hw_4\Debug\link.1088.read.1.tlog
C:\Users\Administrator\Google Drive\Visual Studio 2012\Projects\463_hw_4\Debug\link.1088.write.1.tlog
C:\Users\Administrator\Google Drive\Visual Studio 2012\Projects\463_hw_4\Debug\link.204-cvtres.read.1.tlog
C:\Users\Administrator\Google Drive\Visual Studio 2012\Projects\463_hw_4\Debug\link.204-cvtres.write.1.tlog
C:\Users\Administrator\Google Drive\Visual Studio 2012\Projects\463_hw_4\Debug\link.204-rc.read.1.tlog
C:\Users\Administrator\Google Drive\Visual Studio 2012\Projects\463_hw_4\Debug\link.204-rc.write.1.tlog
C:\Users\Administrator\Google Drive\Visual Studio 2012\Projects\463_hw_4\Debug\link.204.read.1.tlog
C:\Users\Administrator\Google Drive\Visual Studio 2012\Projects\463_hw_4\Debug\link.204.write.1.tlog
C:\Users\Administrator\Google Drive\Visual Studio 2012\Projects\463_hw_4\Debug\link.2088-cvtres.read.1.tlog
C:\Users\Administrator\Google Drive\Visual Studio 2012\Projects\463_hw_4\Debug\link.2088-cvtres.write.1.tlog
C:\Users\Administrator\Google Drive\Visual Studio 2012\Projects\463_hw_4\Debug\link.2088-rc.read.1.tlog
C:\Users\Administrator\Google Drive\Visual Studio 2012\Projects\463_hw_4\Debug\link.2088-rc.write.1.tlog
C:\Users\Administrator\Google Drive\Visual Studio 2012\Projects\463_hw_4\Debug\link.2088.read.1.tlog
C:\Users\Administrator\Google Drive\Visual Studio 2012\Projects\463_hw_4\Debug\link.2088.write.1.tlog
C:\Users\Administrator\Google Drive\Visual Studio 2012\Projects\463_hw_4\Debug\link.2804-cvtres.read.1.tlog
C:\Users\Administrator\Google Drive\Visual Studio 2012\Projects\463_hw_4\Debug\link.2804-cvtres.write.1.tlog
C:\Users\Administrator\Google Drive\Visual Studio 2012\Projects\463_hw_4\Debug\link.2804-rc.read.1.tlog
C:\Users\Administrator\Google Drive\Visual Studio 2012\Projects\463_hw_4\Debug\link.2804-rc.write.1.tlog
C:\Users\Administrator\Google Drive\Visual Studio 2012\Projects\463_hw_4\Debug\link.2804.read.1.tlog
C:\Users\Administrator\Google Drive\Visual Studio 2012\Projects\463_hw_4\Debug\link.2804.write.1.tlog
C:\Users\Administrator\Google Drive\Visual Studio 2012\Projects\463_hw_4\Debug\link.3092-cvtres.read.1.tlog
C:\Users\Administrator\Google Drive\Visual Studio 2012\Projects\463_hw_4\Debug\link.3092-cvtres.write.1.tlog
C:\Users\Administrator\Google Drive\Visual Studio 2012\Projects\463_hw_4\Debug\link.3092-rc.read.1.tlog
C:\Users\Administrator\Google Drive\Visual Studio 2012\Projects\463_hw_4\Debug\link.3092-rc.write.1.tlog
C:\Users\Administrator\Google Drive\Visual Studio 2012\Projects\463_hw_4\Debug\link.3092.read.1.tlog
C:\Users\Administrator\Google Drive\Visual Studio 2012\Projects\463_hw_4\Debug\link.3092.write.1.tlog
C:\Users\Administrator\Google Drive\Visual Studio 2012\Projects\463_hw_4\Debug\link.3144-cvtres.read.1.tlog
C:\Users\Administrator\Google Drive\Visual Studio 2012\Projects\463_hw_4\Debug\link.3144-cvtres.write.1.tlog
C:\Users\Administrator\Google Drive\Visual Studio 2012\Projects\463_hw_4\Debug\link.3144-rc.read.1.tlog
C:\Users\Administrator\Google Drive\Visual Studio 2012\Projects\463_hw_4\Debug\link.3144-rc.write.1.tlog
C:\Users\Administrator\Google Drive\Visual Studio 2012\Projects\463_hw_4\Debug\link.3144.read.1.tlog
C:\Users\Administrator\Google Drive\Visual Studio 2012\Projects\463_hw_4\Debug\link.3144.write.1.tlog
C:\Users\Administrator\Google Drive\Visual Studio 2012\Projects\463_hw_4\Debug\link.3460-cvtres.read.1.tlog
C:\Users\Administrator\Google Drive\Visual Studio 2012\Projects\463_hw_4\Debug\link.3460-cvtres.write.1.tlog
C:\Users\Administrator\Google Drive\Visual Studio 2012\Projects\463_hw_4\Debug\link.3460-rc.read.1.tlog
C:\Users\Administrator\Google Drive\Visual Studio 2012\Projects\463_hw_4\Debug\link.3460-rc.write.1.tlog
C:\Users\Administrator\Google Drive\Visual Studio 2012\Projects\463_hw_4\Debug\link.3460.read.1.tlog
C:\Users\Administrator\Google Drive\Visual Studio 2012\Projects\463_hw_4\Debug\link.3460.write.1.tlog
C:\Users\Administrator\Google Drive\Visual Studio 2012\Projects\463_hw_4\Debug\link.3812-cvtres.read.1.tlog
C:\Users\Administrator\Google Drive\Visual Studio 2012\Projects\463_hw_4\Debug\link.3812-cvtres.write.1.tlog
C:\Users\Administrator\Google Drive\Visual Studio 2012\Projects\463_hw_4\Debug\link.3812-rc.read.1.tlog
C:\Users\Administrator\Google Drive\Visual Studio 2012\Projects\463_hw_4\Debug\link.3812-rc.write.1.tlog
C:\Users\Administrator\Google Drive\Visual Studio 2012\Projects\463_hw_4\Debug\link.3812.read.1.tlog
C:\Users\Administrator\Google Drive\Visual Studio 2012\Projects\463_hw_4\Debug\link.3812.write.1.tlog
C:\Users\Administrator\Google Drive\Visual Studio 2012\Projects\463_hw_4\Debug\link.4288-cvtres.read.1.tlog
C:\Users\Administrator\Google Drive\Visual Studio 2012\Projects\463_hw_4\Debug\link.4288-cvtres.write.1.tlog
C:\Users\Administrator\Google Drive\Visual Studio 2012\Projects\463_hw_4\Debug\link.4288-rc.read.1.tlog
C:\Users\Administrator\Google Drive\Visual Studio 2012\Projects\463_hw_4\Debug\link.4288-rc.write.1.tlog
C:\Users\Administrator\Google Drive\Visual Studio 2012\Projects\463_hw_4\Debug\link.4288.read.1.tlog
C:\Users\Administrator\Google Drive\Visual Studio 2012\Projects\463_hw_4\Debug\link.4288.write.1.tlog
C:\Users\Administrator\Google Drive\Visual Studio 2012\Projects\463_hw_4\Debug\link.4444-cvtres.read.1.tlog
C:\Users\Administrator\Google Drive\Visual Studio 2012\Projects\463_hw_4\Debug\link.4444-cvtres.write.1.tlog
C:\Users\Administrator\Google Drive\Visual Studio 2012\Projects\463_hw_4\Debug\link.4444-rc.read.1.tlog
C:\Users\Administrator\Google Drive\Visual Studio 2012\Projects\463_hw_4\Debug\link.4444-rc.write.1.tlog
C:\Users\Administrator\Google Drive\Visual Studio 2012\Projects\463_hw_4\Debug\link.4444.read.1.tlog
C:\Users\Administrator\Google Drive\Visual Studio 2012\Projects\463_hw_4\Debug\link.4444.write.1.tlog
C:\Users\Administrator\Google Drive\Visual Studio 2012\Projects\463_hw_4\Debug\link.4492-cvtres.read.1.tlog
C:\Users\Administrator\Google Drive\Visual Studio 2012\Projects\463_hw_4\Debug\link.4492-cvtres.write.1.tlog
C:\Users\Administrator\Google Drive\Visual Studio 2012\Projects\463_hw_4\Debug\link.4492-rc.read.1.tlog
C:\Users\Administrator\Google Drive\Visual Studio 2012\Projects\463_hw_4\Debug\link.4492-rc.write.1.tlog
C:\Users\Administrator\Google Drive\Visual Studio 2012\Projects\463_hw_4\Debug\link.4492.read.1.tlog
C:\Users\Administrator\Google Drive\Visual Studio 2012\Projects\463_hw_4\Debug\link.4492.write.1.tlog
C:\Users\Administrator\Google Drive\Visual Studio 2012\Projects\463_hw_4\Debug\link.4824-cvtres.read.1.tlog
C:\Users\Administrator\Google Drive\Visual Studio 2012\Projects\463_hw_4\Debug\link.4824-cvtres.write.1.tlog
C:\Users\Administrator\Google Drive\Visual Studio 2012\Projects\463_hw_4\Debug\link.4824-rc.read.1.tlog
C:\Users\Administrator\Google Drive\Visual Studio 2012\Projects\463_hw_4\Debug\link.4824-rc.write.1.tlog
C:\Users\Administrator\Google Drive\Visual Studio 2012\Projects\463_hw_4\Debug\link.4824.read.1.tlog
C:\Users\Administrator\Google Drive\Visual Studio 2012\Projects\463_hw_4\Debug\link.4824.write.1.tlog
C:\Users\Administrator\Google Drive\Visual Studio 2012\Projects\463_hw_4\Debug\link.5008-cvtres.read.1.tlog
C:\Users\Administrator\Google Drive\Visual Studio 2012\Projects\463_hw_4\Debug\link.5008-cvtres.write.1.tlog
C:\Users\Administrator\Google Drive\Visual Studio 2012\Projects\463_hw_4\Debug\link.5008-rc.read.1.tlog
C:\Users\Administrator\Google Drive\Visual Studio 2012\Projects\463_hw_4\Debug\link.5008-rc.write.1.tlog
C:\Users\Administrator\Google Drive\Visual Studio 2012\Projects\463_hw_4\Debug\link.5008.read.1.tlog
C:\Users\Administrator\Google Drive\Visual Studio 2012\Projects\463_hw_4\Debug\link.5008.write.1.tlog
C:\Users\Administrator\Google Drive\Visual Studio 2012\Projects\463_hw_4\Debug\link.572-cvtres.read.1.tlog
C:\Users\Administrator\Google Drive\Visual Studio 2012\Projects\463_hw_4\Debug\link.572-cvtres.write.1.tlog
C:\Users\Administrator\Google Drive\Visual Studio 2012\Projects\463_hw_4\Debug\link.572-rc.read.1.tlog
C:\Users\Administrator\Google Drive\Visual Studio 2012\Projects\463_hw_4\Debug\link.572-rc.write.1.tlog
C:\Users\Administrator\Google Drive\Visual Studio 2012\Projects\463_hw_4\Debug\link.572.read.1.tlog
C:\Users\Administrator\Google Drive\Visual Studio 2012\Projects\463_hw_4\Debug\link.572.write.1.tlog
C:\Users\Administrator\Google Drive\Visual Studio 2012\Projects\463_hw_4\Debug\link.6280-cvtres.read.1.tlog
C:\Users\Administrator\Google Drive\Visual Studio 2012\Projects\463_hw_4\Debug\link.6280-cvtres.write.1.tlog
C:\Users\Administrator\Google Drive\Visual Studio 2012\Projects\463_hw_4\Debug\link.6280-rc.read.1.tlog
C:\Users\Administrator\Google Drive\Visual Studio 2012\Projects\463_hw_4\Debug\link.6280-rc.write.1.tlog
C:\Users\Administrator\Google Drive\Visual Studio 2012\Projects\463_hw_4\Debug\link.6280.read.1.tlog
C:\Users\Administrator\Google Drive\Visual Studio 2012\Projects\463_hw_4\Debug\link.6280.write.1.tlog
C:\Users\Administrator\Google Drive\Visual Studio 2012\Projects\463_hw_4\Debug\link.820-cvtres.read.1.tlog
C:\Users\Administrator\Google Drive\Visual Studio 2012\Projects\463_hw_4\Debug\link.820-cvtres.write.1.tlog
C:\Users\Administrator\Google Drive\Visual Studio 2012\Projects\463_hw_4\Debug\link.820-rc.read.1.tlog
C:\Users\Administrator\Google Drive\Visual Studio 2012\Projects\463_hw_4\Debug\link.820-rc.write.1.tlog
C:\Users\Administrator\Google Drive\Visual Studio 2012\Projects\463_hw_4\Debug\link.820.read.1.tlog
C:\Users\Administrator\Google Drive\Visual Studio 2012\Projects\463_hw_4\Debug\link.820.write.1.tlog
C:\Users\Administrator\Google Drive\Visual Studio 2012\Projects\463_hw_4\Debug\link.command.1.tlog
C:\Users\Administrator\Google Drive\Visual Studio 2012\Projects\463_hw_4\Debug\link.read.1.tlog
C:\Users\Administrator\Google Drive\Visual Studio 2012\Projects\463_hw_4\Debug\link.write.1.tlog
C:\Users\Administrator\Google Drive\Visual Studio 2012\Projects\463_hw_4\Debug\463_hw_4.pch
C:\Users\Administrator\Google Drive\Visual Studio 2012\Projects\463_hw_4\Debug\vc110.idb
C:\Users\Administrator\Google Drive\Visual Studio 2012\Projects\463_hw_4\Debug\463_hw_4.pdb
C:\Users\Administrator\Google Drive\Visual Studio 2012\Projects\463_hw_4\Debug\vc110.pdb
